<?xml version="1.0" encoding="UTF-8"?>
<!-- Generated by org.testng.reporters.JUnitReportReporter -->
<testsuite hostname="DESKTOP-I3VEVNM" name="com.test.module1testscripts3.TestClass2" tests="1" failures="1" timestamp="28 Jul 2018 06:39:13 GMT" time="42.543" errors="0">
  <testcase name="testsample1" time="42.543" classname="com.test.module1testscripts3.TestClass2">
    <failure type="java.io.IOException" message="Failed to copy full contents from &#039;C:\Users\ZULFAQ~1\AppData\Local\Temp\screenshot5055482542371625785.png&#039; to &#039;SeleniumTestEvidence\SeleniumScreenShots\__20180728_120905.jpg&#039; Expected length: 29944 Actual: 30028">
      <![CDATA[java.io.IOException: Failed to copy full contents from 'C:\Users\ZULFAQ~1\AppData\Local\Temp\screenshot5055482542371625785.png' to 'SeleniumTestEvidence\SeleniumScreenShots\__20180728_120905.jpg' Expected length: 29944 Actual: 30028
	at org.apache.commons.io.FileUtils.doCopyFile(FileUtils.java:1164)
	at org.apache.commons.io.FileUtils.copyFile(FileUtils.java:1088)
	at org.apache.commons.io.FileUtils.copyFile(FileUtils.java:1040)
	at com.test.commonutils.ScreenShotCapture.screenShotCaptureUtility(ScreenShotCapture.java:44)
	at com.test.commonutils.ReportLib.extentFailureReport(ReportLib.java:83)
	at com.test.module1testscripts3.TestClass2.testsample1(TestClass2.java:49)
	at sun.reflect.NativeMethodAccessorImpl.invoke0(Native Method)
	at sun.reflect.NativeMethodAccessorImpl.invoke(NativeMethodAccessorImpl.java:62)
	at sun.reflect.DelegatingMethodAccessorImpl.invoke(DelegatingMethodAccessorImpl.java:43)
	at java.lang.reflect.Method.invoke(Method.java:498)
	at org.testng.internal.MethodInvocationHelper.invokeMethod(MethodInvocationHelper.java:80)
	at org.testng.internal.Invoker.invokeMethod(Invoker.java:714)
	at org.testng.internal.Invoker.invokeTestMethod(Invoker.java:901)
	at org.testng.internal.Invoker.invokeTestMethods(Invoker.java:1231)
	at org.testng.internal.TestMethodWorker.invokeTestMethods(TestMethodWorker.java:127)
	at org.testng.internal.TestMethodWorker.run(TestMethodWorker.java:111)
	at java.util.concurrent.ThreadPoolExecutor.runWorker(ThreadPoolExecutor.java:1142)
	at java.util.concurrent.ThreadPoolExecutor$Worker.run(ThreadPoolExecutor.java:617)
	at java.lang.Thread.run(Thread.java:745)
]]>
    </failure>
  </testcase> <!-- testsample1 -->
</testsuite> <!-- com.test.module1testscripts3.TestClass2 -->
